Traceback (most recent call last):
  File "/home/admin/Documents/bitcoinServicesLite/main.py", line 12, in <module>
    scheduler.RunTask(minutes=1, func=main)
  File "/home/admin/Documents/bitcoinServicesLite/src/taskScheduler.py", line 28, in RunTask
    func()
  File "/home/admin/Documents/bitcoinServicesLite/main.py", line 5, in main
    blockParser() 
    ^^^^^^^^^^^^^
  File "/home/admin/Documents/bitcoinServicesLite/src/bitcoin.py", line 249, in blockParser
    appendToDatalog(f"Running blockParser()")
  File "/home/admin/Documents/bitcoinServicesLite/src/helpers.py", line 100, in appendToDatalog
    open(datalog_name, "w").close()
    ^^^^^^^^^^^^^^^^^^^^^^^
FileNotFoundError: [Errno 2] No such file or directory: '/home/admin/Documents/bitcoinServices/Logs/datalog.txt'
Traceback (most recent call last):
  File "/home/admin/Documents/bitcoinServicesLite/main.py", line 12, in <module>
    scheduler.RunTask(minutes=1, func=main)
  File "/home/admin/Documents/bitcoinServicesLite/src/taskScheduler.py", line 28, in RunTask
    func()
  File "/home/admin/Documents/bitcoinServicesLite/main.py", line 5, in main
    blockParser() 
    ^^^^^^^^^^^^^
  File "/home/admin/Documents/bitcoinServicesLite/src/bitcoin.py", line 249, in blockParser
    appendToDatalog(f"Running blockParser()")
  File "/home/admin/Documents/bitcoinServicesLite/src/helpers.py", line 100, in appendToDatalog
    open(datalog_name, "w").close()
    ^^^^^^^^^^^^^^^^^^^^^^^
FileNotFoundError: [Errno 2] No such file or directory: '/home/admin/Documents/bitcoinServices/Logs/datalog.txt'
Traceback (most recent call last):
  File "/home/admin/Documents/bitcoinServicesLite/main.py", line 12, in <module>
    scheduler.RunTask(minutes=1, func=main)
  File "/home/admin/Documents/bitcoinServicesLite/src/taskScheduler.py", line 28, in RunTask
    func()
  File "/home/admin/Documents/bitcoinServicesLite/main.py", line 5, in main
    blockParser() 
    ^^^^^^^^^^^^^
  File "/home/admin/Documents/bitcoinServicesLite/src/bitcoin.py", line 249, in blockParser
    appendToDatalog(f"Running blockParser()")
  File "/home/admin/Documents/bitcoinServicesLite/src/helpers.py", line 100, in appendToDatalog
    open(datalog_name, "w").close()
    ^^^^^^^^^^^^^^^^^^^^^^^
FileNotFoundError: [Errno 2] No such file or directory: '/home/admin/Documents/bitcoinServices/Logs/datalog.txt'
Traceback (most recent call last):
  File "/home/admin/Documents/bitcoinServicesLite/main.py", line 12, in <module>
    scheduler.RunTask(minutes=1, func=main)
  File "/home/admin/Documents/bitcoinServicesLite/src/taskScheduler.py", line 28, in RunTask
    func()
  File "/home/admin/Documents/bitcoinServicesLite/main.py", line 5, in main
    blockParser() 
    ^^^^^^^^^^^^^
  File "/home/admin/Documents/bitcoinServicesLite/src/bitcoin.py", line 249, in blockParser
    appendToDatalog(f"Running blockParser()")
  File "/home/admin/Documents/bitcoinServicesLite/src/helpers.py", line 89, in appendToDatalog
    open(datalog_name, "w").close()
    ^^^^^^^^^^^^^^^^^^^^^^^
FileNotFoundError: [Errno 2] No such file or directory: '/home/admin/Documents/bitcoinServices/Logs/datalog.txt'
Traceback (most recent call last):
  File "/home/admin/Documents/bitcoinServicesLite/main.py", line 12, in <module>
    scheduler.RunTask(minutes=1, func=main)
  File "/home/admin/Documents/bitcoinServicesLite/src/taskScheduler.py", line 28, in RunTask
    func()
  File "/home/admin/Documents/bitcoinServicesLite/main.py", line 5, in main
    blockParser() 
    ^^^^^^^^^^^^^
  File "/home/admin/Documents/bitcoinServicesLite/src/bitcoin.py", line 249, in blockParser
    appendToDatalog(f"Running blockParser()")
  File "/home/admin/Documents/bitcoinServicesLite/src/helpers.py", line 90, in appendToDatalog
    open(datalog_name, "w").close()
    ^^^^^^^^^^^^^^^^^^^^^^^
FileNotFoundError: [Errno 2] No such file or directory: '/home/admin/Documents/bitcoinServices/Logs/datalog.txt'
